# Logfile created on 2013-03-14 14:17:05 +0100 by logger.rb/31641
I, [2013-03-14T14:22:46.976699 #14150]  INFO -- : nil
I, [2013-03-14T14:22:51.777611 #14150]  INFO -- : nil
I, [2013-03-14T14:23:07.813449 #14150]  INFO -- : nil
I, [2013-03-14T14:23:24.971813 #14150]  INFO -- : nil
I, [2013-03-14T14:24:09.583018 #14202]  INFO -- : HOI
I, [2013-03-14T14:24:33.116166 #14202]  INFO -- : HOI
I, [2013-03-14T14:24:49.111398 #14202]  INFO -- : HOI
I, [2013-03-14T14:24:57.083265 #14255]  INFO -- : HOI IK BEN BRAM 
I, [2013-03-14T14:25:02.971736 #14255]  INFO -- : HOI IK BEN BRAM 
I, [2013-03-14T14:27:25.433357 #14255]  INFO -- : HOI IK BEN BRAM 
I, [2013-03-14T14:27:30.634310 #14255]  INFO -- : HOI IK BEN BRAM 
I, [2013-03-14T14:28:05.708937 #14255]  INFO -- : HOI IK BEN BRAM 
I, [2013-03-14T14:28:08.840199 #14255]  INFO -- : HOI IK BEN BRAM 
I, [2013-03-14T14:28:19.647908 #14255]  INFO -- : HOI IK BEN BRAM 
I, [2013-03-14T14:28:28.792525 #14255]  INFO -- : HOI IK BEN BRAM 
I, [2013-03-14T14:28:51.566345 #14255]  INFO -- : HOI IK BEN BRAM 
I, [2013-03-14T14:29:00.860047 #14255]  INFO -- : HOI IK BEN BRAM 
I, [2013-03-14T14:32:36.808312 #14522]  INFO -- : POST 
I, [2013-03-14T14:33:31.426912 #14602]  INFO -- : POST 
I, [2013-03-14T14:33:40.048692 #14602]  INFO -- : POST http://polygon.com
